2020-05-11 17:39:06,920 INFO     RDS:False
2020-05-11 17:39:06,989 INFO     database created
2020-05-11 17:39:06,994 INFO     Data added
2020-05-11 17:39:07,021 INFO                  tweet_id  ...               user_timezone
0  570301130888122000  ...  Pacific Time (US & Canada)

[1 rows x 15 columns]

2020-05-11 17:46:45,613 INFO     RDS:True
2020-05-11 20:06:04,979 INFO     RDS:False
2020-05-11 20:06:05,018 INFO     database created
2020-05-11 20:07:39,069 INFO     RDS:False
2020-05-11 20:07:39,914 INFO     database created
2020-05-11 20:07:39,919 INFO     Data added
2020-05-11 20:10:16,568 INFO     RDS:False
2020-05-11 20:10:16,927 INFO     database created
2020-05-11 20:10:16,932 INFO     Data added
2020-05-11 20:10:54,119 INFO     RDS:False
2020-05-11 20:10:54,131 INFO     database created
2020-05-11 20:10:54,136 INFO     Data added
2020-05-11 20:11:52,338 INFO     RDS:False
2020-05-11 20:11:52,352 INFO     database created
2020-05-11 20:11:52,357 INFO     Data added
2020-05-11 20:12:06,268 INFO     RDS:False
2020-05-11 20:12:06,278 INFO     database created
2020-05-13 21:31:51,791 INFO     RDS:False
2020-05-13 21:32:52,690 INFO     RDS:False
2020-05-13 21:32:52,731 INFO     database created
2020-05-13 21:32:52,737 INFO     Data added
2020-05-13 21:36:59,330 INFO     RDS:False
2020-05-13 21:36:59,359 INFO     database created
2020-05-13 21:36:59,365 INFO     Data added
2020-05-13 21:41:00,529 INFO     RDS:False
2020-05-13 21:41:00,570 INFO     database created
2020-05-13 21:41:00,575 INFO     Data added
2020-06-09 08:48:05,201 INFO     RDS:False
2020-06-09 08:48:05,276 INFO     database created
